[debug] [2023-12-22T01:25:44.823Z] ----------------------------------------------------------------------
[debug] [2023-12-22T01:25:44.825Z] Command:       /opt/homebrew/Cellar/node/20.8.1/bin/node /opt/homebrew/bin/firebase init
[debug] [2023-12-22T01:25:44.825Z] CLI Version:   13.0.2
[debug] [2023-12-22T01:25:44.825Z] Platform:      darwin
[debug] [2023-12-22T01:25:44.825Z] Node Version:  v20.8.1
[debug] [2023-12-22T01:25:44.825Z] Time:          Thu Dec 21 2023 20:25:44 GMT-0500 (Eastern Standard Time)
[debug] [2023-12-22T01:25:44.825Z] ----------------------------------------------------------------------
[debug] 
[debug] [2023-12-22T01:25:44.827Z] > command requires scopes: ["email","openid","https://www.googleapis.com/auth/cloudplatformprojects.readonly","https://www.googleapis.com/auth/firebase","https://www.googleapis.com/auth/cloud-platform"]
[debug] [2023-12-22T01:25:44.827Z] > authorizing via signed-in user (ibrahim.haroon140@gmail.com)
[info] 
     ######## #### ########  ######## ########     ###     ######  ########
     ##        ##  ##     ## ##       ##     ##  ##   ##  ##       ##
     ######    ##  ########  ######   ########  #########  ######  ######
     ##        ##  ##    ##  ##       ##     ## ##     ##       ## ##
     ##       #### ##     ## ######## ########  ##     ##  ######  ########

You're about to initialize a Firebase project in this directory:

  /Users/ibrahimharoon/Documents/Personal_Projects/Swift/Velocity/Velocity/Other

[info] 
=== Project Setup
[info] 
[info] First, let's associate this project directory with a Firebase project.
[info] You can create multiple project aliases by running firebase use --add, 
[info] but for now we'll just set up a default project.
[info] 
[info] i  If you want to create a project in a Google Cloud organization or folder, please use "firebase projects:create" instead, and return to this command when you've created the project. 
[debug] [2023-12-22T01:26:57.677Z] >>> [apiv2][query] POST https://cloudresourcemanager.googleapis.com/v1/projects [none]
[debug] [2023-12-22T01:26:57.678Z] >>> [apiv2][body] POST https://cloudresourcemanager.googleapis.com/v1/projects {"projectId":"veclocity-app","name":" "}
[debug] [2023-12-22T01:26:58.097Z] <<< [apiv2][status] POST https://cloudresourcemanager.googleapis.com/v1/projects 400
[debug] [2023-12-22T01:26:58.097Z] <<< [apiv2][body] POST https://cloudresourcemanager.googleapis.com/v1/projects {"error":{"code":400,"message":"field [display_name] has issue [project display name must be at least 4 characters]","status":"INVALID_ARGUMENT","details":[{"@type":"type.googleapis.com/google.rpc.BadRequest","fieldViolations":[{"field":"display_name","description":"project display name must be at least 4 characters"}]},{"@type":"type.googleapis.com/google.rpc.Help","links":[{"url":"https://cloud.google.com/resource-manager/reference/rest/v1/projects"}]}]}}
[debug] [2023-12-22T01:26:58.208Z] FirebaseError: HTTP Error: 400, field [display_name] has issue [project display name must be at least 4 characters]
    at responseToError (/opt/homebrew/lib/node_modules/firebase-tools/lib/responseToError.js:49:12)
    at RetryOperation._fn (/opt/homebrew/lib/node_modules/firebase-tools/lib/apiv2.js:292:77)
    at process.processTicksAndRejections (node:internal/process/task_queues:95:5)
[error] 
[error] Error: Failed to create project. See firebase-debug.log for more info.
